<testsuites name="results">
  <testsuite name="all" package="all">
    <property name="random_seed" value="1771443762" />
    <testcase name="test_identity_14x14" classname="test_accel_top" file="/Users/joshcarter/ResNet-Accel-2/hw/sim/cocotb/test_accel_top.py" lineno="290" time="0.025629281997680664" sim_time_ns="2680.0" ratio_time="104567.89231327386" />
    <testcase name="test_sparse_28x28" classname="test_accel_top" file="/Users/joshcarter/ResNet-Accel-2/hw/sim/cocotb/test_accel_top.py" lineno="396" time="0.03450608253479004" sim_time_ns="3920.0" ratio_time="113603.15956028162" />
    <testcase name="test_random_14x14" classname="test_accel_top" file="/Users/joshcarter/ResNet-Accel-2/hw/sim/cocotb/test_accel_top.py" lineno="475" time="0.06226778030395508" sim_time_ns="2570.0" ratio_time="41273.35176321936">
      <failure error_type="AssertionError" error_msg="Mismatch at [0][0]: got 74, expected 10" />
    </testcase>
  </testsuite>
</testsuites>